analyze -format sverilog {   adder.sv   flopr.sv   imm_Gen.sv   mux2.sv   datamemory.sv   instructionmemory.sv   ALUController.sv   alu.sv   RegFile.sv   Controller.sv   Datapath.sv   RISC_V.sv   branch_flag.sv   hazard_Detection_Unit.sv   forwarding_Unit.sv   mux3.sv
}
Running PRESTO HDLC
Searching for ./adder.sv
Searching for /ecelib/linware/synopsys15/dc/libraries/syn/adder.sv
Searching for /ecelib/linware/synopsys15/dc/packages/adder.sv
Searching for /ecelib/linware/synopsys15/dc/packages/IEEE/adder.sv
Searching for /users/ugrad2/2012/spring/pooriam/libraries/adder.sv
Searching for /users/ugrad/2017/summer/yukih1/112L/project/newLab4/design/adder.sv
Searching for ./flopr.sv
Searching for /ecelib/linware/synopsys15/dc/libraries/syn/flopr.sv
Searching for /ecelib/linware/synopsys15/dc/packages/flopr.sv
Searching for /ecelib/linware/synopsys15/dc/packages/IEEE/flopr.sv
Searching for /users/ugrad2/2012/spring/pooriam/libraries/flopr.sv
Searching for /users/ugrad/2017/summer/yukih1/112L/project/newLab4/design/flopr.sv
Searching for ./imm_Gen.sv
Searching for /ecelib/linware/synopsys15/dc/libraries/syn/imm_Gen.sv
Searching for /ecelib/linware/synopsys15/dc/packages/imm_Gen.sv
Searching for /ecelib/linware/synopsys15/dc/packages/IEEE/imm_Gen.sv
Searching for /users/ugrad2/2012/spring/pooriam/libraries/imm_Gen.sv
Searching for /users/ugrad/2017/summer/yukih1/112L/project/newLab4/design/imm_Gen.sv
Searching for ./mux2.sv
Searching for /ecelib/linware/synopsys15/dc/libraries/syn/mux2.sv
Searching for /ecelib/linware/synopsys15/dc/packages/mux2.sv
Searching for /ecelib/linware/synopsys15/dc/packages/IEEE/mux2.sv
Searching for /users/ugrad2/2012/spring/pooriam/libraries/mux2.sv
Searching for /users/ugrad/2017/summer/yukih1/112L/project/newLab4/design/mux2.sv
Searching for ./datamemory.sv
Searching for /ecelib/linware/synopsys15/dc/libraries/syn/datamemory.sv
Searching for /ecelib/linware/synopsys15/dc/packages/datamemory.sv
Searching for /ecelib/linware/synopsys15/dc/packages/IEEE/datamemory.sv
Searching for /users/ugrad2/2012/spring/pooriam/libraries/datamemory.sv
Searching for /users/ugrad/2017/summer/yukih1/112L/project/newLab4/design/datamemory.sv
Searching for ./instructionmemory.sv
Searching for /ecelib/linware/synopsys15/dc/libraries/syn/instructionmemory.sv
Searching for /ecelib/linware/synopsys15/dc/packages/instructionmemory.sv
Searching for /ecelib/linware/synopsys15/dc/packages/IEEE/instructionmemory.sv
Searching for /users/ugrad2/2012/spring/pooriam/libraries/instructionmemory.sv
Searching for /users/ugrad/2017/summer/yukih1/112L/project/newLab4/design/instructionmemory.sv
Searching for ./ALUController.sv
Searching for /ecelib/linware/synopsys15/dc/libraries/syn/ALUController.sv
Searching for /ecelib/linware/synopsys15/dc/packages/ALUController.sv
Searching for /ecelib/linware/synopsys15/dc/packages/IEEE/ALUController.sv
Searching for /users/ugrad2/2012/spring/pooriam/libraries/ALUController.sv
Searching for /users/ugrad/2017/summer/yukih1/112L/project/newLab4/design/ALUController.sv
Searching for ./alu.sv
Searching for /ecelib/linware/synopsys15/dc/libraries/syn/alu.sv
Searching for /ecelib/linware/synopsys15/dc/packages/alu.sv
Searching for /ecelib/linware/synopsys15/dc/packages/IEEE/alu.sv
Searching for /users/ugrad2/2012/spring/pooriam/libraries/alu.sv
Searching for /users/ugrad/2017/summer/yukih1/112L/project/newLab4/design/alu.sv
Searching for ./RegFile.sv
Searching for /ecelib/linware/synopsys15/dc/libraries/syn/RegFile.sv
Searching for /ecelib/linware/synopsys15/dc/packages/RegFile.sv
Searching for /ecelib/linware/synopsys15/dc/packages/IEEE/RegFile.sv
Searching for /users/ugrad2/2012/spring/pooriam/libraries/RegFile.sv
Searching for /users/ugrad/2017/summer/yukih1/112L/project/newLab4/design/RegFile.sv
Searching for ./Controller.sv
Searching for /ecelib/linware/synopsys15/dc/libraries/syn/Controller.sv
Searching for /ecelib/linware/synopsys15/dc/packages/Controller.sv
Searching for /ecelib/linware/synopsys15/dc/packages/IEEE/Controller.sv
Searching for /users/ugrad2/2012/spring/pooriam/libraries/Controller.sv
Searching for /users/ugrad/2017/summer/yukih1/112L/project/newLab4/design/Controller.sv
Searching for ./Datapath.sv
Searching for /ecelib/linware/synopsys15/dc/libraries/syn/Datapath.sv
Searching for /ecelib/linware/synopsys15/dc/packages/Datapath.sv
Searching for /ecelib/linware/synopsys15/dc/packages/IEEE/Datapath.sv
Searching for /users/ugrad2/2012/spring/pooriam/libraries/Datapath.sv
Searching for /users/ugrad/2017/summer/yukih1/112L/project/newLab4/design/Datapath.sv
Searching for ./RISC_V.sv
Searching for /ecelib/linware/synopsys15/dc/libraries/syn/RISC_V.sv
Searching for /ecelib/linware/synopsys15/dc/packages/RISC_V.sv
Searching for /ecelib/linware/synopsys15/dc/packages/IEEE/RISC_V.sv
Searching for /users/ugrad2/2012/spring/pooriam/libraries/RISC_V.sv
Searching for /users/ugrad/2017/summer/yukih1/112L/project/newLab4/design/RISC_V.sv
Searching for ./branch_flag.sv
Searching for /ecelib/linware/synopsys15/dc/libraries/syn/branch_flag.sv
Searching for /ecelib/linware/synopsys15/dc/packages/branch_flag.sv
Searching for /ecelib/linware/synopsys15/dc/packages/IEEE/branch_flag.sv
Searching for /users/ugrad2/2012/spring/pooriam/libraries/branch_flag.sv
Searching for /users/ugrad/2017/summer/yukih1/112L/project/newLab4/design/branch_flag.sv
Searching for ./hazard_Detection_Unit.sv
Searching for /ecelib/linware/synopsys15/dc/libraries/syn/hazard_Detection_Unit.sv
Searching for /ecelib/linware/synopsys15/dc/packages/hazard_Detection_Unit.sv
Searching for /ecelib/linware/synopsys15/dc/packages/IEEE/hazard_Detection_Unit.sv
Searching for /users/ugrad2/2012/spring/pooriam/libraries/hazard_Detection_Unit.sv
Searching for /users/ugrad/2017/summer/yukih1/112L/project/newLab4/design/hazard_Detection_Unit.sv
Searching for ./forwarding_Unit.sv
Searching for /ecelib/linware/synopsys15/dc/libraries/syn/forwarding_Unit.sv
Searching for /ecelib/linware/synopsys15/dc/packages/forwarding_Unit.sv
Searching for /ecelib/linware/synopsys15/dc/packages/IEEE/forwarding_Unit.sv
Searching for /users/ugrad2/2012/spring/pooriam/libraries/forwarding_Unit.sv
Searching for /users/ugrad/2017/summer/yukih1/112L/project/newLab4/design/forwarding_Unit.sv
Searching for ./mux3.sv
Searching for /ecelib/linware/synopsys15/dc/libraries/syn/mux3.sv
Searching for /ecelib/linware/synopsys15/dc/packages/mux3.sv
Searching for /ecelib/linware/synopsys15/dc/packages/IEEE/mux3.sv
Searching for /users/ugrad2/2012/spring/pooriam/libraries/mux3.sv
Searching for /users/ugrad/2017/summer/yukih1/112L/project/newLab4/design/mux3.sv
Compiling source file /users/ugrad/2017/summer/yukih1/112L/project/newLab4/design/adder.sv
Compiling source file /users/ugrad/2017/summer/yukih1/112L/project/newLab4/design/flopr.sv
Compiling source file /users/ugrad/2017/summer/yukih1/112L/project/newLab4/design/imm_Gen.sv
Compiling source file /users/ugrad/2017/summer/yukih1/112L/project/newLab4/design/mux2.sv
Compiling source file /users/ugrad/2017/summer/yukih1/112L/project/newLab4/design/datamemory.sv
Compiling source file /users/ugrad/2017/summer/yukih1/112L/project/newLab4/design/instructionmemory.sv
Compiling source file /users/ugrad/2017/summer/yukih1/112L/project/newLab4/design/ALUController.sv
Compiling source file /users/ugrad/2017/summer/yukih1/112L/project/newLab4/design/alu.sv
Compiling source file /users/ugrad/2017/summer/yukih1/112L/project/newLab4/design/RegFile.sv
Compiling source file /users/ugrad/2017/summer/yukih1/112L/project/newLab4/design/Controller.sv
Compiling source file /users/ugrad/2017/summer/yukih1/112L/project/newLab4/design/Datapath.sv
Opening include file /users/ugrad/2017/summer/yukih1/112L/project/newLab4/design/structs.sv
Compiling source file /users/ugrad/2017/summer/yukih1/112L/project/newLab4/design/RISC_V.sv
Compiling source file /users/ugrad/2017/summer/yukih1/112L/project/newLab4/design/branch_flag.sv
Compiling source file /users/ugrad/2017/summer/yukih1/112L/project/newLab4/design/hazard_Detection_Unit.sv
Compiling source file /users/ugrad/2017/summer/yukih1/112L/project/newLab4/design/forwarding_Unit.sv
Compiling source file /users/ugrad/2017/summer/yukih1/112L/project/newLab4/design/mux3.sv
Presto compilation completed successfully.
Loading db file '/users/ugrad2/2012/spring/pooriam/libraries/saed32lvt_tt1p05vn40c.db'
Loading db file '/users/ugrad2/2012/spring/pooriam/libraries/saed32sram_tt1p05vn40c.db'
Loading db file '/ecelib/linware/synopsys15/dc/libraries/syn/dw_foundation.sldb'
1
1
